<?xml version="1.0" encoding="UTF-8"?>
<testng-results ignored="0" total="1" passed="1" failed="0" skipped="0">
  <reporter-output>
  </reporter-output>
  <suite started-at="2024-01-26T00:00:57 IST" name="Surefire suite" finished-at="2024-01-26T00:00:57 IST" duration-ms="133">
    <groups>
    </groups>
    <test started-at="2024-01-26T00:00:57 IST" name="Surefire test" finished-at="2024-01-26T00:00:57 IST" duration-ms="133">
      <class name="com.employee.EMS.AppTest">
        <test-method signature="shouldAnswerWithTrue()" started-at="2024-01-26T00:00:57 IST" name="shouldAnswerWithTrue" finished-at="2024-01-26T00:00:57 IST" duration-ms="18" status="PASS">
          <reporter-output>
          </reporter-output>
        </test-method> <!-- shouldAnswerWithTrue -->
      </class> <!-- com.employee.EMS.AppTest -->
    </test> <!-- Surefire test -->
  </suite> <!-- Surefire suite -->
</testng-results>
